<?xml version="1.0" encoding="UTF-8"?>
<testsuite xmlns:xsi="http://www.w3.org/2001/XMLSchema-instance" xsi:noNamespaceSchemaLocation="https://maven.apache.org/surefire/maven-surefire-plugin/xsd/surefire-test-report.xsd" name="praktikum.RegisterPageTests" time="6.495" tests="6" errors="4" skipped="0" failures="0">
  <properties>
[...]
</properties>
  <testcase name="registerNewUserIsSuccess[Browser chrome]" classname="praktikum.RegisterPageTests" time="3.139"/>
  <testcase name="registerNewUserLowPasswordIsFailed[Browser chrome]" classname="praktikum.RegisterPageTests" time="2.038"/>
  <testcase name="registerNewUserIsSuccess[Browser yandex]" classname="praktikum.RegisterPageTests" time="0.642">
    <error message="session not created: This version of ChromeDriver only supports Chrome version 134&#10;Current browser version is 132.0.6834.809 with binary path C:/Users/paper/AppData/Local/Yandex/YandexBrowser/Application/browser.exe&#10;Build info: version: &apos;3.141.59&apos;, revision: &apos;e82be7d358&apos;, time: &apos;2018-11-14T08:17:03&apos;&#10;System info: host: &apos;PAPER&apos;, ip: &apos;192.168.0.17&apos;, os.name: &apos;Windows 11&apos;, os.arch: &apos;amd64&apos;, os.version: &apos;10.0&apos;, java.version: &apos;11.0.25&apos;&#10;Driver info: driver.version: ChromeDriver&#10;remote stacktrace: 	GetHandleVerifier [0x00007FF6FF1EFE45+26629]&#10;	(No symbol) [0x00007FF6FF156010]&#10;	(No symbol) [0x00007FF6FEFE931A]&#10;	(No symbol) [0x00007FF6FF02D40D]&#10;	(No symbol) [0x00007FF6FF02C44B]&#10;	(No symbol) [0x00007FF6FF02655C]&#10;	(No symbol) [0x00007FF6FF021B2D]&#10;	(No symbol) [0x00007FF6FF075D0B]&#10;	(No symbol) [0x00007FF6FF0752E0]&#10;	(No symbol) [0x00007FF6FF067883]&#10;	(No symbol) [0x00007FF6FF030550]&#10;	(No symbol) [0x00007FF6FF031803]&#10;	GetHandleVerifier [0x00007FF6FF5472BD+3529853]&#10;	GetHandleVerifier [0x00007FF6FF55DA22+3621858]&#10;	GetHandleVerifier [0x00007FF6FF5524D3+3575443]&#10;	GetHandleVerifier [0x00007FF6FF2BB77A+860474]&#10;	(No symbol) [0x00007FF6FF16088F]&#10;	(No symbol) [0x00007FF6FF15CBC4]&#10;	(No symbol) [0x00007FF6FF15CD66]&#10;	(No symbol) [0x00007FF6FF14C2C9]&#10;	BaseThreadInitThunk [0x00007FFFC649E8D7+23]&#10;	RtlUserThreadStart [0x00007FFFC6A1BF2C+44]&#10;" type="org.openqa.selenium.SessionNotCreatedException">org.openqa.selenium.SessionNotCreatedException: 
session not created: This version of ChromeDriver only supports Chrome version 134
Current browser version is 132.0.6834.809 with binary path C:/Users/paper/AppData/Local/Yandex/YandexBrowser/Application/browser.exe
Build info: version: '3.141.59', revision: 'e82be7d358', time: '2018-11-14T08:17:03'
System info: host: 'PAPER', ip: '192.168.0.17', os.name: 'Windows 11', os.arch: 'amd64', os.version: '10.0', java.version: '11.0.25'
Driver info: driver.version: ChromeDriver
remote stacktrace: 	GetHandleVerifier [0x00007FF6FF1EFE45+26629]
	(No symbol) [0x00007FF6FF156010]
	(No symbol) [0x00007FF6FEFE931A]
	(No symbol) [0x00007FF6FF02D40D]
	(No symbol) [0x00007FF6FF02C44B]
	(No symbol) [0x00007FF6FF02655C]
	(No symbol) [0x00007FF6FF021B2D]
	(No symbol) [0x00007FF6FF075D0B]
	(No symbol) [0x00007FF6FF0752E0]
	(No symbol) [0x00007FF6FF067883]
	(No symbol) [0x00007FF6FF030550]
	(No symbol) [0x00007FF6FF031803]
	GetHandleVerifier [0x00007FF6FF5472BD+3529853]
	GetHandleVerifier [0x00007FF6FF55DA22+3621858]
	GetHandleVerifier [0x00007FF6FF5524D3+3575443]
	GetHandleVerifier [0x00007FF6FF2BB77A+860474]
	(No symbol) [0x00007FF6FF16088F]
	(No symbol) [0x00007FF6FF15CBC4]
	(No symbol) [0x00007FF6FF15CD66]
	(No symbol) [0x00007FF6FF14C2C9]
	BaseThreadInitThunk [0x00007FFFC649E8D7+23]
	RtlUserThreadStart [0x00007FFFC6A1BF2C+44]

	at praktikum.RegisterPageTests.startUp(RegisterPageTests.java:44)
</error>
    <system-err><![CDATA[Starting ChromeDriver 134.0.6998.88 (7e3d5c978c6d3a6eda25692cfac7f893a2b20dd0-refs/branch-heads/6998@{#1898}) on port 60595
Only local connections are allowed.
Please see https://chromedriver.chromium.org/security-considerations for suggestions on keeping ChromeDriver safe.
ChromeDriver was started successfully on port 60595.
]]></system-err>
  </testcase>
  <testcase name="registerNewUserIsSuccess[Browser yandex]" classname="praktikum.RegisterPageTests" time="0.642">
    <error type="java.lang.NullPointerException">java.lang.NullPointerException
	at praktikum.RegisterPageTests.tearDown(RegisterPageTests.java:60)
</error>
  </testcase>
  <testcase name="registerNewUserLowPasswordIsFailed[Browser yandex]" classname="praktikum.RegisterPageTests" time="0.673">
    <error message="session not created: This version of ChromeDriver only supports Chrome version 134&#10;Current browser version is 132.0.6834.809 with binary path C:/Users/paper/AppData/Local/Yandex/YandexBrowser/Application/browser.exe&#10;Build info: version: &apos;3.141.59&apos;, revision: &apos;e82be7d358&apos;, time: &apos;2018-11-14T08:17:03&apos;&#10;System info: host: &apos;PAPER&apos;, ip: &apos;192.168.0.17&apos;, os.name: &apos;Windows 11&apos;, os.arch: &apos;amd64&apos;, os.version: &apos;10.0&apos;, java.version: &apos;11.0.25&apos;&#10;Driver info: driver.version: ChromeDriver&#10;remote stacktrace: 	GetHandleVerifier [0x00007FF6FF1EFE45+26629]&#10;	(No symbol) [0x00007FF6FF156010]&#10;	(No symbol) [0x00007FF6FEFE931A]&#10;	(No symbol) [0x00007FF6FF02D40D]&#10;	(No symbol) [0x00007FF6FF02C44B]&#10;	(No symbol) [0x00007FF6FF02655C]&#10;	(No symbol) [0x00007FF6FF021B2D]&#10;	(No symbol) [0x00007FF6FF075D0B]&#10;	(No symbol) [0x00007FF6FF0752E0]&#10;	(No symbol) [0x00007FF6FF067883]&#10;	(No symbol) [0x00007FF6FF030550]&#10;	(No symbol) [0x00007FF6FF031803]&#10;	GetHandleVerifier [0x00007FF6FF5472BD+3529853]&#10;	GetHandleVerifier [0x00007FF6FF55DA22+3621858]&#10;	GetHandleVerifier [0x00007FF6FF5524D3+3575443]&#10;	GetHandleVerifier [0x00007FF6FF2BB77A+860474]&#10;	(No symbol) [0x00007FF6FF16088F]&#10;	(No symbol) [0x00007FF6FF15CBC4]&#10;	(No symbol) [0x00007FF6FF15CD66]&#10;	(No symbol) [0x00007FF6FF14C2C9]&#10;	BaseThreadInitThunk [0x00007FFFC649E8D7+23]&#10;	RtlUserThreadStart [0x00007FFFC6A1BF2C+44]&#10;" type="org.openqa.selenium.SessionNotCreatedException">org.openqa.selenium.SessionNotCreatedException: 
session not created: This version of ChromeDriver only supports Chrome version 134
Current browser version is 132.0.6834.809 with binary path C:/Users/paper/AppData/Local/Yandex/YandexBrowser/Application/browser.exe
Build info: version: '3.141.59', revision: 'e82be7d358', time: '2018-11-14T08:17:03'
System info: host: 'PAPER', ip: '192.168.0.17', os.name: 'Windows 11', os.arch: 'amd64', os.version: '10.0', java.version: '11.0.25'
Driver info: driver.version: ChromeDriver
remote stacktrace: 	GetHandleVerifier [0x00007FF6FF1EFE45+26629]
	(No symbol) [0x00007FF6FF156010]
	(No symbol) [0x00007FF6FEFE931A]
	(No symbol) [0x00007FF6FF02D40D]
	(No symbol) [0x00007FF6FF02C44B]
	(No symbol) [0x00007FF6FF02655C]
	(No symbol) [0x00007FF6FF021B2D]
	(No symbol) [0x00007FF6FF075D0B]
	(No symbol) [0x00007FF6FF0752E0]
	(No symbol) [0x00007FF6FF067883]
	(No symbol) [0x00007FF6FF030550]
	(No symbol) [0x00007FF6FF031803]
	GetHandleVerifier [0x00007FF6FF5472BD+3529853]
	GetHandleVerifier [0x00007FF6FF55DA22+3621858]
	GetHandleVerifier [0x00007FF6FF5524D3+3575443]
	GetHandleVerifier [0x00007FF6FF2BB77A+860474]
	(No symbol) [0x00007FF6FF16088F]
	(No symbol) [0x00007FF6FF15CBC4]
	(No symbol) [0x00007FF6FF15CD66]
	(No symbol) [0x00007FF6FF14C2C9]
	BaseThreadInitThunk [0x00007FFFC649E8D7+23]
	RtlUserThreadStart [0x00007FFFC6A1BF2C+44]

	at praktikum.RegisterPageTests.startUp(RegisterPageTests.java:44)
</error>
    <system-err><![CDATA[Starting ChromeDriver 134.0.6998.88 (7e3d5c978c6d3a6eda25692cfac7f893a2b20dd0-refs/branch-heads/6998@{#1898}) on port 10032
Only local connections are allowed.
Please see https://chromedriver.chromium.org/security-considerations for suggestions on keeping ChromeDriver safe.
ChromeDriver was started successfully on port 10032.
]]></system-err>
  </testcase>
  <testcase name="registerNewUserLowPasswordIsFailed[Browser yandex]" classname="praktikum.RegisterPageTests" time="0.673">
    <error type="java.lang.NullPointerException">java.lang.NullPointerException
	at praktikum.RegisterPageTests.tearDown(RegisterPageTests.java:60)
</error>
  </testcase>
</testsuite>